<?xml version="1.0" encoding="UTF-8"?>
<!-- Generated by org.testng.reporters.JUnitXMLReporter -->
<testsuite ignored="12" hostname="Vishnudass-Mac-mini.local" failures="0" tests="1" name="LoginTest" time="185.866" errors="0" timestamp="2024-02-07T14:10:58 IST">
  <testcase classname="developers.CreateProperty" name="developer_property_adding_apartment_underconstruction_without_trakheesi_and_rent_fillotherfields" time="177.904"/>
  <testcase classname="developers.CreateProperty" name="developer_property_adding_ready_with_trakheesi_and_autofill" time="0.0">
    <ignored/>
  </testcase> <!-- developer_property_adding_ready_with_trakheesi_and_autofill -->
  <testcase classname="developers.CreateProperty" name="developer_property_adding_office_without_trakheesi_and_autofill_data" time="0.0">
    <ignored/>
  </testcase> <!-- developer_property_adding_office_without_trakheesi_and_autofill_data -->
  <testcase classname="developers.CreateProperty" name="developer_property_adding_with_underconstruction_townhouse_with_allfields" time="0.0">
    <ignored/>
  </testcase> <!-- developer_property_adding_with_underconstruction_townhouse_with_allfields -->
  <testcase classname="developers.CreateProperty" name="developer_property_adding_ready_with_trakheesi" time="0.0">
    <ignored/>
  </testcase> <!-- developer_property_adding_ready_with_trakheesi -->
  <testcase classname="developers.CreateProperty" name="developer_property_adding_with_ready_apartment_allfields" time="0.0">
    <ignored/>
  </testcase> <!-- developer_property_adding_with_ready_apartment_allfields -->
  <testcase classname="developers.CreateProperty" name="developer_property_adding_villa_without_trakheesi" time="0.0">
    <ignored/>
  </testcase> <!-- developer_property_adding_villa_without_trakheesi -->
  <testcase classname="developers.CreateProperty" name="developer_property_adding_office_ready_without_trakheesi_only_requiredfields" time="0.0">
    <ignored/>
  </testcase> <!-- developer_property_adding_office_ready_without_trakheesi_only_requiredfields -->
  <testcase classname="developers.CreateProperty" name="developer_property_adding_villa_underconstruction_without_trakheesi_otherallfields" time="0.0">
    <ignored/>
  </testcase> <!-- developer_property_adding_villa_underconstruction_without_trakheesi_otherallfields -->
  <testcase classname="developers.CreateProperty" name="developer_property_adding_with_ready_villa_allfields" time="0.0">
    <ignored/>
  </testcase> <!-- developer_property_adding_with_ready_villa_allfields -->
  <testcase classname="developers.CreateProperty" name="developer_property_adding_with_underconstruction_serviceapartment_with_allfields" time="0.0">
    <ignored/>
  </testcase> <!-- developer_property_adding_with_underconstruction_serviceapartment_with_allfields -->
  <testcase classname="developers.CreateProperty" name="developer_property_adding_with_ready_office__allfields" time="0.0">
    <ignored/>
  </testcase> <!-- developer_property_adding_with_ready_office__allfields -->
  <testcase classname="developers.CreateProperty" name="developer_property_adding_underconstruction_with_trakheesi_and_updatecount_autofill" time="0.0">
    <ignored/>
  </testcase> <!-- developer_property_adding_underconstruction_with_trakheesi_and_updatecount_autofill -->
</testsuite> <!-- LoginTest -->
