<?xml version="1.0" encoding="UTF-8"?>
<testng-results ignored="0" total="1" passed="0" failed="1" skipped="0">
  <reporter-output>
  </reporter-output>
  <suite started-at="2023-11-01T10:00:56 IST" name="Suite" finished-at="2023-11-01T10:01:45 IST" duration-ms="49071">
    <groups>
    </groups>
    <test started-at="2023-11-01T10:00:56 IST" name="LoginTest" finished-at="2023-11-01T10:01:45 IST" duration-ms="49071">
      <class name="allproperties.CreateProperty">
        <test-method is-config="true" signature="openAgencyPortal()[pri:0, instance:allproperties.CreateProperty@2af004b]" started-at="2023-11-01T10:00:56 IST" name="openAgencyPortal" finished-at="2023-11-01T10:01:05 IST" duration-ms="9056" status="PASS">
          <reporter-output>
          </reporter-output>
        </test-method> <!-- openAgencyPortal -->
        <test-method signature="verifyPropertyAdd_2(java.util.HashMap)[pri:0, instance:allproperties.CreateProperty@2af004b]" started-at="2023-11-01T10:01:05 IST" name="verifyPropertyAdd_2" data-provider="villaPropertyData_1" finished-at="2023-11-01T10:01:45 IST" duration-ms="39668" status="FAIL">
          <params>
            <param index="0">
              <value>
                <![CDATA[{email_id=greeshma@pixbitsolutions.com, contract_amount=760000, total_area=4859.5, dewa_number=6985DS/64, video_tour_url=http://video-tour.com, bedroom_cabin_count=7, description=This property should be very nice property,and this is very good, balcony_count=4, amenities_4=Shared Gym, map_search=Dubai, selected_map=Dubai Mall - Dubai - United Arab Emirates, other_images=download (1).jpg, video_file=Video_20230928_173908_680_1.mp4, title=Dar Alkawathar Real Estate, amenities_1=Electricity support, amenities_3=Basement Parking, amenities_2=Concierge services, password=Prosper@1CWZ9, unit_number=58, plan_image=download (2).png, kitchen_pantry_count=5, property_category=Residential, rented_at=10/05/2019, listing_price=110000, rented_until=15/09/2022, bathroom_count=4, property_project=PropNex Mall, attraction_2=Gaia Dubai, age_of_property=22, attraction_3=Shakespeare and Co. Al Saqr Business Tower, thumbnail=images (1).jpg, attraction_1=La Maison, price_from=700000, brochure=proposal-document.pdf, price_to=1500000, property_phase=Al Jazeera , parking_count=5, furnishing_status=Furnished, trakheesi_number=64646AF/757, title_deed_document=Aspect Tower 1003 Title Deed.pdf, sub_location=Natural History Museum, virtual_tour_url=http://virtual.com, emirate=Sharjah, rera_transaction_number=64564566, location=Sharjah Desert Park, youtube_url=http://youtube.com, builtup_area=845.64}]]>
              </value>
            </param>
          </params>
          <exception class="org.openqa.selenium.NoSuchElementException">
            <message>
              <![CDATA[no such element: Unable to locate element: {"method":"xpath","selector":"//span[text()='Dubai Mall - Dubai - United Arab Emirates']"}
  (Session info: chrome=118.0.5993.117)
For documentation on this error, please visit: https://www.selenium.dev/documentation/webdriver/troubleshooting/errors#no-such-element-exception
Build info: version: '4.14.1', revision: '03f8ede370'
System info: os.name: 'Mac OS X', os.arch: 'x86_64', os.version: '13.5.2', java.version: '17.0.8.1'
Driver info: org.openqa.selenium.chrome.ChromeDriver
Command: [92e3aa96c3d4c393db54f61ebecdde51, findElement {using=xpath, value=//span[text()='Dubai Mall - Dubai - United Arab Emirates']}]
Capabilities {acceptInsecureCerts: false, browserName: chrome, browserVersion: 118.0.5993.117, chrome: {chromedriverVersion: 118.0.5993.70 (e52f33f30b91..., userDataDir: /var/folders/3n/9s6pyz5j60z...}, fedcm:accounts: true, goog:chromeOptions: {debuggerAddress: localhost:49347}, networkConnectionEnabled: false, pageLoadStrategy: normal, platformName: mac, proxy: Proxy(), se:cdp: ws://localhost:49347/devtoo..., se:cdpVersion: 118.0.5993.117, setWindowRect: true, strictFileInteractability: false, timeouts: {implicit: 0, pageLoad: 300000, script: 30000}, unhandledPromptBehavior: dismiss and notify, webauthn:extension:credBlob: true, webauthn:extension:largeBlob: true, webauthn:extension:minPinLength: true, webauthn:extension:prf: true, webauthn:virtualAuthenticators: true}
Session ID: 92e3aa96c3d4c393db54f61ebecdde51]]>
            </message>
            <full-stacktrace>
              <![CDATA[org.openqa.selenium.NoSuchElementException: no such element: Unable to locate element: {"method":"xpath","selector":"//span[text()='Dubai Mall - Dubai - United Arab Emirates']"}
  (Session info: chrome=118.0.5993.117)
For documentation on this error, please visit: https://www.selenium.dev/documentation/webdriver/troubleshooting/errors#no-such-element-exception
Build info: version: '4.14.1', revision: '03f8ede370'
System info: os.name: 'Mac OS X', os.arch: 'x86_64', os.version: '13.5.2', java.version: '17.0.8.1'
Driver info: org.openqa.selenium.chrome.ChromeDriver
Command: [92e3aa96c3d4c393db54f61ebecdde51, findElement {using=xpath, value=//span[text()='Dubai Mall - Dubai - United Arab Emirates']}]
Capabilities {acceptInsecureCerts: false, browserName: chrome, browserVersion: 118.0.5993.117, chrome: {chromedriverVersion: 118.0.5993.70 (e52f33f30b91..., userDataDir: /var/folders/3n/9s6pyz5j60z...}, fedcm:accounts: true, goog:chromeOptions: {debuggerAddress: localhost:49347}, networkConnectionEnabled: false, pageLoadStrategy: normal, platformName: mac, proxy: Proxy(), se:cdp: ws://localhost:49347/devtoo..., se:cdpVersion: 118.0.5993.117, setWindowRect: true, strictFileInteractability: false, timeouts: {implicit: 0, pageLoad: 300000, script: 30000}, unhandledPromptBehavior: dismiss and notify, webauthn:extension:credBlob: true, webauthn:extension:largeBlob: true, webauthn:extension:minPinLength: true, webauthn:extension:prf: true, webauthn:virtualAuthenticators: true}
Session ID: 92e3aa96c3d4c393db54f61ebecdde51
at java.base/jdk.internal.reflect.NativeConstructorAccessorImpl.newInstance0(Native Method)
at java.base/jdk.internal.reflect.NativeConstructorAccessorImpl.newInstance(NativeConstructorAccessorImpl.java:77)
at java.base/jdk.internal.reflect.DelegatingConstructorAccessorImpl.newInstance(DelegatingConstructorAccessorImpl.java:45)
at java.base/java.lang.reflect.Constructor.newInstanceWithCaller(Constructor.java:499)
at java.base/java.lang.reflect.Constructor.newInstance(Constructor.java:480)
at org.openqa.selenium.remote.codec.w3c.W3CHttpResponseCodec.createException(W3CHttpResponseCodec.java:200)
at org.openqa.selenium.remote.codec.w3c.W3CHttpResponseCodec.decode(W3CHttpResponseCodec.java:133)
at org.openqa.selenium.remote.codec.w3c.W3CHttpResponseCodec.decode(W3CHttpResponseCodec.java:52)
at org.openqa.selenium.remote.HttpCommandExecutor.execute(HttpCommandExecutor.java:191)
at org.openqa.selenium.remote.service.DriverCommandExecutor.invokeExecute(DriverCommandExecutor.java:200)
at org.openqa.selenium.remote.service.DriverCommandExecutor.execute(DriverCommandExecutor.java:175)
at org.openqa.selenium.remote.RemoteWebDriver.execute(RemoteWebDriver.java:602)
at org.openqa.selenium.remote.ElementLocation$ElementFinder$2.findElement(ElementLocation.java:165)
at org.openqa.selenium.remote.ElementLocation.findElement(ElementLocation.java:59)
at org.openqa.selenium.remote.RemoteWebDriver.findElement(RemoteWebDriver.java:359)
at org.openqa.selenium.remote.RemoteWebDriver.findElement(RemoteWebDriver.java:353)
at AgencyPortal.PropertyCreatePage.selectMapLocation(PropertyCreatePage.java:281)
at AgencyPortal.PropertyCreatePage.villaPropertyWithReadyStatus(PropertyCreatePage.java:579)
at allproperties.CreateProperty.verifyPropertyAdd_2(CreateProperty.java:50)
at java.base/jdk.internal.reflect.NativeMethodAccessorImpl.invoke0(Native Method)
at java.base/jdk.internal.reflect.NativeMethodAccessorImpl.invoke(NativeMethodAccessorImpl.java:77)
at java.base/jdk.internal.reflect.DelegatingMethodAccessorImpl.invoke(DelegatingMethodAccessorImpl.java:43)
at java.base/java.lang.reflect.Method.invoke(Method.java:568)
at org.testng.internal.invokers.MethodInvocationHelper.invokeMethod(MethodInvocationHelper.java:139)
at org.testng.internal.invokers.TestInvoker.invokeMethod(TestInvoker.java:664)
at org.testng.internal.invokers.TestInvoker.invokeTestMethod(TestInvoker.java:227)
at org.testng.internal.invokers.MethodRunner.runInSequence(MethodRunner.java:50)
at org.testng.internal.invokers.TestInvoker$MethodInvocationAgent.invoke(TestInvoker.java:957)
at org.testng.internal.invokers.TestInvoker.invokeTestMethods(TestInvoker.java:200)
at org.testng.internal.invokers.TestMethodWorker.invokeTestMethods(TestMethodWorker.java:148)
at org.testng.internal.invokers.TestMethodWorker.run(TestMethodWorker.java:128)
at java.base/java.util.ArrayList.forEach(ArrayList.java:1511)
at org.testng.TestRunner.privateRun(TestRunner.java:848)
at org.testng.TestRunner.run(TestRunner.java:621)
at org.testng.SuiteRunner.runTest(SuiteRunner.java:443)
at org.testng.SuiteRunner.runSequentially(SuiteRunner.java:437)
at org.testng.SuiteRunner.privateRun(SuiteRunner.java:397)
at org.testng.SuiteRunner.run(SuiteRunner.java:336)
at org.testng.SuiteRunnerWorker.runSuite(SuiteRunnerWorker.java:52)
at org.testng.SuiteRunnerWorker.run(SuiteRunnerWorker.java:95)
at org.testng.TestNG.runSuitesSequentially(TestNG.java:1280)
at org.testng.TestNG.runSuitesLocally(TestNG.java:1200)
at org.testng.TestNG.runSuites(TestNG.java:1114)
at org.testng.TestNG.run(TestNG.java:1082)
at org.testng.remote.AbstractRemoteTestNG.run(AbstractRemoteTestNG.java:115)
at org.testng.remote.RemoteTestNG.initAndRun(RemoteTestNG.java:251)
at org.testng.remote.RemoteTestNG.main(RemoteTestNG.java:77)
]]>
            </full-stacktrace>
          </exception> <!-- org.openqa.selenium.NoSuchElementException -->
          <reporter-output>
          </reporter-output>
        </test-method> <!-- verifyPropertyAdd_2 -->
        <test-method is-config="true" signature="close()[pri:0, instance:allproperties.CreateProperty@2af004b]" started-at="2023-11-01T10:01:45 IST" name="close" finished-at="2023-11-01T10:01:45 IST" duration-ms="135" status="PASS">
          <reporter-output>
          </reporter-output>
        </test-method> <!-- close -->
      </class> <!-- allproperties.CreateProperty -->
    </test> <!-- LoginTest -->
  </suite> <!-- Suite -->
</testng-results>
