<?xml version="1.0" encoding="UTF-8"?>
<testng-results ignored="0" total="1" passed="1" failed="0" skipped="0">
  <reporter-output>
  </reporter-output>
  <suite started-at="2024-05-23T09:19:26 IST" name="Default suite" finished-at="2024-05-23T09:20:39 IST" duration-ms="72987">
    <groups>
    </groups>
    <test started-at="2024-05-23T09:19:26 IST" name="Default test" finished-at="2024-05-23T09:20:39 IST" duration-ms="72987">
      <class name="com.pixbit.agencyportal.enquires.MarkAsSold">
        <test-method is-config="true" signature="openAgencyPortal()[pri:0, instance:com.pixbit.agencyportal.enquires.MarkAsSold@5e2c3d18]" started-at="2024-05-23T09:19:26 IST" name="openAgencyPortal" finished-at="2024-05-23T09:19:36 IST" duration-ms="10217" status="PASS">
          <reporter-output>
          </reporter-output>
        </test-method> <!-- openAgencyPortal -->
        <test-method signature="mark_as_sold_developer_underconstruction(java.util.HashMap)[pri:0, instance:com.pixbit.agencyportal.enquires.MarkAsSold@5e2c3d18]" started-at="2024-05-23T09:19:36 IST" name="mark_as_sold_developer_underconstruction" data-provider="developer_underconstruction_mark_as_sold" finished-at="2024-05-23T09:20:39 IST" duration-ms="62328" status="PASS">
          <params>
            <param index="0">
              <value>
                <![CDATA[{email_id=qa.pixbitsolutions@gmail.com, password=Qapixbit@14, enqueried_person=yatin}]]>
              </value>
            </param>
          </params>
          <reporter-output>
          </reporter-output>
        </test-method> <!-- mark_as_sold_developer_underconstruction -->
        <test-method is-config="true" signature="close()[pri:0, instance:com.pixbit.agencyportal.enquires.MarkAsSold@5e2c3d18]" started-at="2024-05-23T09:20:39 IST" name="close" finished-at="2024-05-23T09:20:39 IST" duration-ms="193" status="PASS">
          <reporter-output>
          </reporter-output>
        </test-method> <!-- close -->
      </class> <!-- com.pixbit.agencyportal.enquires.MarkAsSold -->
    </test> <!-- Default test -->
  </suite> <!-- Default suite -->
</testng-results>
